<?xml version="1.0" encoding="UTF-8"?>
<!-- Generated by org.testng.reporters.JUnitReportReporter -->
<testsuite hostname="QA-Saurabh" failures="0" tests="2" name="mainClass.MainClass" time="8.880" errors="0" timestamp="2024-02-09T12:02:23 IST" skipped="0">
  <testcase classname="mainClass.MainClass" name="login" time="4.701"/>
  <system-out/>
  <testcase classname="mainClass.MainClass" name="testlogout" time="4.179"/>
  <system-out/>
</testsuite> <!-- mainClass.MainClass -->
